<?xml version="1.0" encoding="UTF-8"?>
<!-- Generated by org.testng.reporters.JUnitReportReporter -->
<testsuite hostname="SATH" failures="0" tests="4" name="testScript.LoginTest" time="26.510" errors="0" timestamp="2026-04-29T00:01:44 CEST" skipped="0">
  <testcase classname="testScript.LoginTest" name="verifyTheUserIsAbletoLoginWithValidCredentials" time="7.901"/>
  <testcase classname="testScript.LoginTest" name="InvalidCredentialsSet1" time="6.971"/>
  <testcase classname="testScript.LoginTest" name="InvalidCredentialsSet2" time="6.075"/>
  <testcase classname="testScript.LoginTest" name="InvalidCredentialsSet3" time="5.563"/>
</testsuite> <!-- testScript.LoginTest -->
