<?xml version="1.0" encoding="UTF-8"?>
<testng-results ignored="0" total="1" passed="1" failed="0" skipped="0">
  <reporter-output>
  </reporter-output>
  <suite started-at="2026-04-27T16:56:14 CEST" name="Suite" finished-at="2026-04-27T16:56:23 CEST" duration-ms="9222">
    <groups>
    </groups>
    <test started-at="2026-04-27T16:56:14 CEST" name="Test" finished-at="2026-04-27T16:56:23 CEST" duration-ms="9222">
      <class name="testScript.ManageContactTest">
        <test-method is-config="true" signature="browserInitialisation(java.lang.String)[pri:0, instance:testScript.ManageContactTest@62379589]" started-at="2026-04-27T16:56:14 CEST" name="browserInitialisation" finished-at="2026-04-27T16:56:17 CEST" duration-ms="3264" status="PASS">
          <params>
            <param index="0">
              <value>
                <![CDATA[Chrome]]>
              </value>
            </param>
          </params>
          <reporter-output>
          </reporter-output>
        </test-method> <!-- browserInitialisation -->
        <test-method signature="verifyAdminIsAbleToAddContact()[pri:0, instance:testScript.ManageContactTest@62379589]" started-at="2026-04-27T16:56:17 CEST" name="verifyAdminIsAbleToAddContact" finished-at="2026-04-27T16:56:23 CEST" duration-ms="5915" status="PASS">
          <reporter-output>
          </reporter-output>
        </test-method> <!-- verifyAdminIsAbleToAddContact -->
      </class> <!-- testScript.ManageContactTest -->
    </test> <!-- Test -->
  </suite> <!-- Suite -->
</testng-results>
